
*** Running vivado
    with args -log Reg_Bank.vdi -applog -m64 -product Vivado -messageDb vivado.pb -mode batch -source Reg_Bank.tcl -notrace


****** Vivado v2018.1 (64-bit)
  **** SW Build 2188600 on Wed Apr  4 18:40:38 MDT 2018
  **** IP Build 2185939 on Wed Apr  4 20:55:05 MDT 2018
    ** Copyright 1986-2018 Xilinx, Inc. All Rights Reserved.

source Reg_Bank.tcl -notrace
Command: link_design -top Reg_Bank -part xc7a35tcpg236-1
Design is defaulting to srcset: sources_1
Design is defaulting to constrset: constrs_1
INFO: [Netlist 29-17] Analyzing 9 Unisim elements for replacement
INFO: [Netlist 29-28] Unisim Transformation completed in 0 CPU seconds
INFO: [Project 1-479] Netlist was created with Vivado 2018.1
INFO: [Device 21-403] Loading part xc7a35tcpg236-1
INFO: [Project 1-570] Preparing netlist for logic optimization
INFO: [Project 1-111] Unisim Transformation Summary:
No Unisim elements were transformed.

6 Infos, 0 Warnings, 0 Critical Warnings and 0 Errors encountered.
link_design completed successfully
link_design: Time (s): cpu = 00:00:04 ; elapsed = 00:00:07 . Memory (MB): peak = 626.984 ; gain = 293.871
Command: opt_design
Attempting to get a license for feature 'Implementation' and/or device 'xc7a35t'
INFO: [Common 17-349] Got license for feature 'Implementation' and/or device 'xc7a35t'
Running DRC as a precondition to command opt_design

Starting DRC Task
INFO: [DRC 23-27] Running DRC with 2 threads
INFO: [Project 1-461] DRC finished with 0 Errors
INFO: [Project 1-462] Please refer to the DRC report (report_drc) for more information.

Time (s): cpu = 00:00:00 ; elapsed = 00:00:00.511 . Memory (MB): peak = 646.926 ; gain = 19.941
INFO: [Timing 38-35] Done setting XDC timing constraints.

Starting Logic Optimization Task

Phase 1 Retarget
INFO: [Opt 31-138] Pushed 0 inverter(s) to 0 load pin(s).
INFO: [Opt 31-49] Retargeted 0 cell(s).
Phase 1 Retarget | Checksum: 14947d5a3

Time (s): cpu = 00:00:00 ; elapsed = 00:00:00.043 . Memory (MB): peak = 1199.938 ; gain = 0.000
INFO: [Opt 31-389] Phase Retarget created 0 cells and removed 0 cells

Phase 2 Constant propagation
INFO: [Opt 31-138] Pushed 0 inverter(s) to 0 load pin(s).
Phase 2 Constant propagation | Checksum: 14947d5a3

Time (s): cpu = 00:00:00 ; elapsed = 00:00:00.046 . Memory (MB): peak = 1199.938 ; gain = 0.000
INFO: [Opt 31-389] Phase Constant propagation created 0 cells and removed 0 cells

Phase 3 Sweep
Phase 3 Sweep | Checksum: 14947d5a3

Time (s): cpu = 00:00:00 ; elapsed = 00:00:00.058 . Memory (MB): peak = 1199.938 ; gain = 0.000
INFO: [Opt 31-389] Phase Sweep created 0 cells and removed 0 cells

Phase 4 BUFG optimization
Phase 4 BUFG optimization | Checksum: 14947d5a3

Time (s): cpu = 00:00:00 ; elapsed = 00:00:00.066 . Memory (MB): peak = 1199.938 ; gain = 0.000
INFO: [Opt 31-389] Phase BUFG optimization created 0 cells and removed 0 cells

Phase 5 Shift Register Optimization
Phase 5 Shift Register Optimization | Checksum: 14947d5a3

Time (s): cpu = 00:00:00 ; elapsed = 00:00:00.069 . Memory (MB): peak = 1199.938 ; gain = 0.000
INFO: [Opt 31-389] Phase Shift Register Optimization created 0 cells and removed 0 cells

Phase 6 Post Processing Netlist
Phase 6 Post Processing Netlist | Checksum: 14947d5a3

Time (s): cpu = 00:00:00 ; elapsed = 00:00:00.070 . Memory (MB): peak = 1199.938 ; gain = 0.000
INFO: [Opt 31-389] Phase Post Processing Netlist created 0 cells and removed 0 cells

Starting Connectivity Check Task

Time (s): cpu = 00:00:00 ; elapsed = 00:00:00.001 . Memory (MB): peak = 1199.938 ; gain = 0.000
Ending Logic Optimization Task | Checksum: 14947d5a3

Time (s): cpu = 00:00:00 ; elapsed = 00:00:00.073 . Memory (MB): peak = 1199.938 ; gain = 0.000

Starting Power Optimization Task
INFO: [Pwropt 34-132] Skipping clock gating for clocks with a period < 2.00 ns.
Ending Power Optimization Task | Checksum: 14947d5a3

Time (s): cpu = 00:00:00 ; elapsed = 00:00:00.010 . Memory (MB): peak = 1199.938 ; gain = 0.000
INFO: [Common 17-83] Releasing license: Implementation
22 Infos, 0 Warnings, 0 Critical Warnings and 0 Errors encountered.
opt_design completed successfully
opt_design: Time (s): cpu = 00:00:09 ; elapsed = 00:00:11 . Memory (MB): peak = 1199.938 ; gain = 572.953
INFO: [Timing 38-480] Writing timing data to binary archive.
INFO: [Common 17-1381] The checkpoint 'D:/UOM/Semester 2/Computer Organization and Digital Design/Labs/Lab9/4bit-NanoProcessor/4bit-NanoProcessor.runs/impl_1/Reg_Bank_opt.dcp' has been generated.
INFO: [runtcl-4] Executing : report_drc -file Reg_Bank_drc_opted.rpt -pb Reg_Bank_drc_opted.pb -rpx Reg_Bank_drc_opted.rpx
Command: report_drc -file Reg_Bank_drc_opted.rpt -pb Reg_Bank_drc_opted.pb -rpx Reg_Bank_drc_opted.rpx
INFO: [IP_Flow 19-234] Refreshing IP repositories
INFO: [IP_Flow 19-1704] No user IP repositories specified
INFO: [IP_Flow 19-2313] Loaded Vivado IP repository 'C:/Xilinx/Vivado/2018.1/data/ip'.
INFO: [DRC 23-27] Running DRC with 2 threads
INFO: [Coretcl 2-168] The results of DRC are in file D:/UOM/Semester 2/Computer Organization and Digital Design/Labs/Lab9/4bit-NanoProcessor/4bit-NanoProcessor.runs/impl_1/Reg_Bank_drc_opted.rpt.
report_drc completed successfully
Command: place_design
Attempting to get a license for feature 'Implementation' and/or device 'xc7a35t'
INFO: [Common 17-349] Got license for feature 'Implementation' and/or device 'xc7a35t'
INFO: [DRC 23-27] Running DRC with 2 threads
INFO: [Vivado_Tcl 4-198] DRC finished with 0 Errors
INFO: [Vivado_Tcl 4-199] Please refer to the DRC report (report_drc) for more information.
Running DRC as a precondition to command place_design
INFO: [DRC 23-27] Running DRC with 2 threads
INFO: [Vivado_Tcl 4-198] DRC finished with 0 Errors
INFO: [Vivado_Tcl 4-199] Please refer to the DRC report (report_drc) for more information.

Starting Placer Task
INFO: [Place 30-611] Multithreading enabled for place_design using a maximum of 2 CPUs

Phase 1 Placer Initialization

Phase 1.1 Placer Initialization Netlist Sorting
Netlist sorting complete. Time (s): cpu = 00:00:00 ; elapsed = 00:00:00.001 . Memory (MB): peak = 1199.938 ; gain = 0.000
Phase 1.1 Placer Initialization Netlist Sorting | Checksum: ad59d145

Time (s): cpu = 00:00:00 ; elapsed = 00:00:00.021 . Memory (MB): peak = 1199.938 ; gain = 0.000
Netlist sorting complete. Time (s): cpu = 00:00:00 ; elapsed = 00:00:00.001 . Memory (MB): peak = 1199.938 ; gain = 0.000

Phase 1.2 IO Placement/ Clock Placement/ Build Placer Device
INFO: [Timing 38-35] Done setting XDC timing constraints.
Phase 1.2 IO Placement/ Clock Placement/ Build Placer Device | Checksum: 682c03bd

Time (s): cpu = 00:00:01 ; elapsed = 00:00:01 . Memory (MB): peak = 1208.496 ; gain = 8.559

Phase 1.3 Build Placer Netlist Model
Phase 1.3 Build Placer Netlist Model | Checksum: dc47e1d1

Time (s): cpu = 00:00:01 ; elapsed = 00:00:01 . Memory (MB): peak = 1208.496 ; gain = 8.559

Phase 1.4 Constrain Clocks/Macros
Phase 1.4 Constrain Clocks/Macros | Checksum: dc47e1d1

Time (s): cpu = 00:00:01 ; elapsed = 00:00:01 . Memory (MB): peak = 1208.496 ; gain = 8.559
Phase 1 Placer Initialization | Checksum: dc47e1d1

Time (s): cpu = 00:00:01 ; elapsed = 00:00:01 . Memory (MB): peak = 1208.496 ; gain = 8.559

Phase 2 Global Placement
Phase 2 Global Placement | Checksum: d6856232

Time (s): cpu = 00:00:01 ; elapsed = 00:00:02 . Memory (MB): peak = 1208.496 ; gain = 8.559

Phase 3 Detail Placement

Phase 3.1 Commit Multi Column Macros
Phase 3.1 Commit Multi Column Macros | Checksum: d6856232

Time (s): cpu = 00:00:01 ; elapsed = 00:00:02 . Memory (MB): peak = 1208.496 ; gain = 8.559

Phase 3.2 Commit Most Macros & LUTRAMs
Phase 3.2 Commit Most Macros & LUTRAMs | Checksum: 1084cc827

Time (s): cpu = 00:00:01 ; elapsed = 00:00:02 . Memory (MB): peak = 1208.496 ; gain = 8.559

Phase 3.3 Area Swap Optimization
Phase 3.3 Area Swap Optimization | Checksum: 15bc7c626

Time (s): cpu = 00:00:01 ; elapsed = 00:00:02 . Memory (MB): peak = 1208.496 ; gain = 8.559

Phase 3.4 Pipeline Register Optimization
Phase 3.4 Pipeline Register Optimization | Checksum: 15bc7c626

Time (s): cpu = 00:00:01 ; elapsed = 00:00:02 . Memory (MB): peak = 1208.496 ; gain = 8.559

Phase 3.5 Small Shape Detail Placement
Phase 3.5 Small Shape Detail Placement | Checksum: 12341717a

Time (s): cpu = 00:00:01 ; elapsed = 00:00:02 . Memory (MB): peak = 1208.496 ; gain = 8.559

Phase 3.6 Re-assign LUT pins
Phase 3.6 Re-assign LUT pins | Checksum: 12341717a

Time (s): cpu = 00:00:01 ; elapsed = 00:00:02 . Memory (MB): peak = 1208.496 ; gain = 8.559

Phase 3.7 Pipeline Register Optimization
Phase 3.7 Pipeline Register Optimization | Checksum: 12341717a

Time (s): cpu = 00:00:01 ; elapsed = 00:00:02 . Memory (MB): peak = 1208.496 ; gain = 8.559
Phase 3 Detail Placement | Checksum: 12341717a

Time (s): cpu = 00:00:01 ; elapsed = 00:00:02 . Memory (MB): peak = 1208.496 ; gain = 8.559

Phase 4 Post Placement Optimization and Clean-Up

Phase 4.1 Post Commit Optimization
Phase 4.1 Post Commit Optimization | Checksum: 12341717a

Time (s): cpu = 00:00:01 ; elapsed = 00:00:02 . Memory (MB): peak = 1208.496 ; gain = 8.559

Phase 4.2 Post Placement Cleanup
Phase 4.2 Post Placement Cleanup | Checksum: 12341717a

Time (s): cpu = 00:00:01 ; elapsed = 00:00:02 . Memory (MB): peak = 1208.496 ; gain = 8.559

Phase 4.3 Placer Reporting
Phase 4.3 Placer Reporting | Checksum: 12341717a

Time (s): cpu = 00:00:01 ; elapsed = 00:00:02 . Memory (MB): peak = 1208.496 ; gain = 8.559

Phase 4.4 Final Placement Cleanup
Phase 4.4 Final Placement Cleanup | Checksum: 1953ab264

Time (s): cpu = 00:00:01 ; elapsed = 00:00:02 . Memory (MB): peak = 1208.496 ; gain = 8.559
Phase 4 Post Placement Optimization and Clean-Up | Checksum: 1953ab264

Time (s): cpu = 00:00:01 ; elapsed = 00:00:02 . Memory (MB): peak = 1208.496 ; gain = 8.559
Ending Placer Task | Checksum: 18ed793fa

Time (s): cpu = 00:00:01 ; elapsed = 00:00:02 . Memory (MB): peak = 1208.496 ; gain = 8.559
INFO: [Common 17-83] Releasing license: Implementation
40 Infos, 0 Warnings, 0 Critical Warnings and 0 Errors encountered.
place_design completed successfully
INFO: [Timing 38-480] Writing timing data to binary archive.
Writing placer database...
Writing XDEF routing.
Writing XDEF routing logical nets.
Writing XDEF routing special nets.
Write XDEF Complete: Time (s): cpu = 00:00:00 ; elapsed = 00:00:00.096 . Memory (MB): peak = 1209.652 ; gain = 1.156
INFO: [Common 17-1381] The checkpoint 'D:/UOM/Semester 2/Computer Organization and Digital Design/Labs/Lab9/4bit-NanoProcessor/4bit-NanoProcessor.runs/impl_1/Reg_Bank_placed.dcp' has been generated.
INFO: [runtcl-4] Executing : report_io -file Reg_Bank_io_placed.rpt
report_io: Time (s): cpu = 00:00:00 ; elapsed = 00:00:00.080 . Memory (MB): peak = 1215.082 ; gain = 0.000
INFO: [runtcl-4] Executing : report_utilization -file Reg_Bank_utilization_placed.rpt -pb Reg_Bank_utilization_placed.pb
report_utilization: Time (s): cpu = 00:00:00 ; elapsed = 00:00:00.018 . Memory (MB): peak = 1215.082 ; gain = 0.000
INFO: [runtcl-4] Executing : report_control_sets -verbose -file Reg_Bank_control_sets_placed.rpt
report_control_sets: Time (s): cpu = 00:00:00 ; elapsed = 00:00:00.001 . Memory (MB): peak = 1215.082 ; gain = 0.000
Command: route_design
Attempting to get a license for feature 'Implementation' and/or device 'xc7a35t'
INFO: [Common 17-349] Got license for feature 'Implementation' and/or device 'xc7a35t'
Running DRC as a precondition to command route_design
INFO: [DRC 23-27] Running DRC with 2 threads
INFO: [Vivado_Tcl 4-198] DRC finished with 0 Errors
INFO: [Vivado_Tcl 4-199] Please refer to the DRC report (report_drc) for more information.


Starting Routing Task
INFO: [Route 35-254] Multithreading enabled for route_design using a maximum of 2 CPUs
Checksum: PlaceDB: e17dc2b5 ConstDB: 0 ShapeSum: ad59d145 RouteDB: 0

Phase 1 Build RT Design
Phase 1 Build RT Design | Checksum: 19fa979a3

Time (s): cpu = 00:00:16 ; elapsed = 00:00:16 . Memory (MB): peak = 1331.473 ; gain = 116.391
Post Restoration Checksum: NetGraph: fe464d55 NumContArr: a1632c4e Constraints: 0 Timing: 0

Phase 2 Router Initialization
INFO: [Route 35-64] No timing constraints were detected. The router will operate in resource-optimization mode.

Phase 2.1 Fix Topology Constraints
Phase 2.1 Fix Topology Constraints | Checksum: 19fa979a3

Time (s): cpu = 00:00:16 ; elapsed = 00:00:16 . Memory (MB): peak = 1337.488 ; gain = 122.406

Phase 2.2 Pre Route Cleanup
Phase 2.2 Pre Route Cleanup | Checksum: 19fa979a3

Time (s): cpu = 00:00:16 ; elapsed = 00:00:16 . Memory (MB): peak = 1337.488 ; gain = 122.406
 Number of Nodes with overlaps = 0
Phase 2 Router Initialization | Checksum: 58777e4b

Time (s): cpu = 00:00:16 ; elapsed = 00:00:16 . Memory (MB): peak = 1341.340 ; gain = 126.258

Phase 3 Initial Routing
Phase 3 Initial Routing | Checksum: c677404e

Time (s): cpu = 00:00:16 ; elapsed = 00:00:16 . Memory (MB): peak = 1341.340 ; gain = 126.258

Phase 4 Rip-up And Reroute

Phase 4.1 Global Iteration 0
 Number of Nodes with overlaps = 1
 Number of Nodes with overlaps = 0
Phase 4.1 Global Iteration 0 | Checksum: a752db1a

Time (s): cpu = 00:00:16 ; elapsed = 00:00:17 . Memory (MB): peak = 1341.340 ; gain = 126.258
Phase 4 Rip-up And Reroute | Checksum: a752db1a

Time (s): cpu = 00:00:16 ; elapsed = 00:00:17 . Memory (MB): peak = 1341.340 ; gain = 126.258

Phase 5 Delay and Skew Optimization
Phase 5 Delay and Skew Optimization | Checksum: a752db1a

Time (s): cpu = 00:00:16 ; elapsed = 00:00:17 . Memory (MB): peak = 1341.340 ; gain = 126.258

Phase 6 Post Hold Fix

Phase 6.1 Hold Fix Iter
Phase 6.1 Hold Fix Iter | Checksum: a752db1a

Time (s): cpu = 00:00:16 ; elapsed = 00:00:17 . Memory (MB): peak = 1341.340 ; gain = 126.258
Phase 6 Post Hold Fix | Checksum: a752db1a

Time (s): cpu = 00:00:16 ; elapsed = 00:00:17 . Memory (MB): peak = 1341.340 ; gain = 126.258

Phase 7 Route finalize

Router Utilization Summary
  Global Vertical Routing Utilization    = 0.0256717 %
  Global Horizontal Routing Utilization  = 0.013925 %
  Routable Net Status*
  *Does not include unroutable nets such as driverless and loadless.
  Run report_route_status for detailed report.
  Number of Failed Nets               = 0
  Number of Unrouted Nets             = 0
  Number of Partially Routed Nets     = 0
  Number of Node Overlaps             = 0

Congestion Report
North Dir 1x1 Area, Max Cong = 5.40541%, No Congested Regions.
South Dir 1x1 Area, Max Cong = 14.4144%, No Congested Regions.
East Dir 1x1 Area, Max Cong = 5.88235%, No Congested Regions.
West Dir 1x1 Area, Max Cong = 10.2941%, No Congested Regions.

------------------------------
Reporting congestion hotspots
------------------------------
Direction: North
----------------
Congested clusters found at Level 0
Effective congestion level: 0 Aspect Ratio: 1 Sparse Ratio: 0
Direction: South
----------------
Congested clusters found at Level 0
Effective congestion level: 0 Aspect Ratio: 1 Sparse Ratio: 0
Direction: East
----------------
Congested clusters found at Level 0
Effective congestion level: 0 Aspect Ratio: 1 Sparse Ratio: 0
Direction: West
----------------
Congested clusters found at Level 0
Effective congestion level: 0 Aspect Ratio: 1 Sparse Ratio: 0

Phase 7 Route finalize | Checksum: a752db1a

Time (s): cpu = 00:00:16 ; elapsed = 00:00:17 . Memory (MB): peak = 1341.340 ; gain = 126.258

Phase 8 Verifying routed nets

 Verification completed successfully
Phase 8 Verifying routed nets | Checksum: a752db1a

Time (s): cpu = 00:00:16 ; elapsed = 00:00:17 . Memory (MB): peak = 1341.598 ; gain = 126.516

Phase 9 Depositing Routes
Phase 9 Depositing Routes | Checksum: ec0797f6

Time (s): cpu = 00:00:16 ; elapsed = 00:00:17 . Memory (MB): peak = 1341.598 ; gain = 126.516
INFO: [Route 35-16] Router Completed Successfully

Time (s): cpu = 00:00:16 ; elapsed = 00:00:17 . Memory (MB): peak = 1341.598 ; gain = 126.516

Routing Is Done.
INFO: [Common 17-83] Releasing license: Implementation
53 Infos, 0 Warnings, 0 Critical Warnings and 0 Errors encountered.
route_design completed successfully
route_design: Time (s): cpu = 00:00:17 ; elapsed = 00:00:17 . Memory (MB): peak = 1341.598 ; gain = 126.516
INFO: [Timing 38-480] Writing timing data to binary archive.
Writing placer database...
Writing XDEF routing.
Writing XDEF routing logical nets.
Writing XDEF routing special nets.
Write XDEF Complete: Time (s): cpu = 00:00:00 ; elapsed = 00:00:00.044 . Memory (MB): peak = 1341.598 ; gain = 0.000
INFO: [Common 17-1381] The checkpoint 'D:/UOM/Semester 2/Computer Organization and Digital Design/Labs/Lab9/4bit-NanoProcessor/4bit-NanoProcessor.runs/impl_1/Reg_Bank_routed.dcp' has been generated.
INFO: [runtcl-4] Executing : report_drc -file Reg_Bank_drc_routed.rpt -pb Reg_Bank_drc_routed.pb -rpx Reg_Bank_drc_routed.rpx
Command: report_drc -file Reg_Bank_drc_routed.rpt -pb Reg_Bank_drc_routed.pb -rpx Reg_Bank_drc_routed.rpx
INFO: [DRC 23-27] Running DRC with 2 threads
INFO: [Coretcl 2-168] The results of DRC are in file D:/UOM/Semester 2/Computer Organization and Digital Design/Labs/Lab9/4bit-NanoProcessor/4bit-NanoProcessor.runs/impl_1/Reg_Bank_drc_routed.rpt.
report_drc completed successfully
INFO: [runtcl-4] Executing : report_methodology -file Reg_Bank_methodology_drc_routed.rpt -pb Reg_Bank_methodology_drc_routed.pb -rpx Reg_Bank_methodology_drc_routed.rpx
Command: report_methodology -file Reg_Bank_methodology_drc_routed.rpt -pb Reg_Bank_methodology_drc_routed.pb -rpx Reg_Bank_methodology_drc_routed.rpx
INFO: [Timing 38-35] Done setting XDC timing constraints.
INFO: [Timing 38-35] Done setting XDC timing constraints.
INFO: [DRC 23-133] Running Methodology with 2 threads
INFO: [Coretcl 2-1520] The results of Report Methodology are in file D:/UOM/Semester 2/Computer Organization and Digital Design/Labs/Lab9/4bit-NanoProcessor/4bit-NanoProcessor.runs/impl_1/Reg_Bank_methodology_drc_routed.rpt.
report_methodology completed successfully
INFO: [runtcl-4] Executing : report_power -file Reg_Bank_power_routed.rpt -pb Reg_Bank_power_summary_routed.pb -rpx Reg_Bank_power_routed.rpx
Command: report_power -file Reg_Bank_power_routed.rpt -pb Reg_Bank_power_summary_routed.pb -rpx Reg_Bank_power_routed.rpx
WARNING: [Power 33-232] No user defined clocks were found in the design!
Resolution: Please specify clocks using create_clock/create_generated_clock for sequential elements. For pure combinatorial circuits, please specify a virtual clock, otherwise the vectorless estimation might be inaccurate
INFO: [Timing 38-35] Done setting XDC timing constraints.
Running Vector-less Activity Propagation...

Finished Running Vector-less Activity Propagation
65 Infos, 1 Warnings, 0 Critical Warnings and 0 Errors encountered.
report_power completed successfully
INFO: [runtcl-4] Executing : report_route_status -file Reg_Bank_route_status.rpt -pb Reg_Bank_route_status.pb
INFO: [runtcl-4] Executing : report_timing_summary -max_paths 10 -file Reg_Bank_timing_summary_routed.rpt -pb Reg_Bank_timing_summary_routed.pb -rpx Reg_Bank_timing_summary_routed.rpx -warn_on_violation 
INFO: [Timing 38-91] UpdateTimingParams: Speed grade: -1, Delay Type: min_max, Timing Stage: Requireds.
INFO: [Timing 38-191] Multithreading enabled for timing update using a maximum of 2 CPUs
WARNING: [Timing 38-313] There are no user specified timing constraints. Timing constraints are needed for proper timing analysis.
INFO: [runtcl-4] Executing : report_incremental_reuse -file Reg_Bank_incremental_reuse_routed.rpt
INFO: [Vivado_Tcl 4-545] No incremental reuse to report, no incremental placement and routing data was found.
INFO: [runtcl-4] Executing : report_clock_utilization -file Reg_Bank_clock_utilization_routed.rpt
INFO: [runtcl-4] Executing : report_bus_skew -warn_on_violation -file route_report_bus_skew_0.rpt -rpx route_report_bus_skew_0.rpx
INFO: [Timing 38-91] UpdateTimingParams: Speed grade: -1, Delay Type: min_max, Timing Stage: Requireds.
INFO: [Timing 38-191] Multithreading enabled for timing update using a maximum of 2 CPUs
INFO: [Common 17-206] Exiting Vivado at Thu Jun  1 08:53:07 2023...
